<?xml version="1.0" encoding="UTF-8"?>
<testng-results skipped="0" failed="0" ignored="0" total="1" passed="1">
  <reporter-output>
  </reporter-output>
  <suite name="Default suite" duration-ms="111151" started-at="2021-01-18T00:11:46 IST" finished-at="2021-01-18T00:13:38 IST">
    <groups>
    </groups>
    <test name="Default test" duration-ms="111151" started-at="2021-01-18T00:11:46 IST" finished-at="2021-01-18T00:13:38 IST">
      <class name="Demos.web1">
        <test-method status="PASS" signature="bt()[pri:0, instance:Demos.web1@52feb982]" name="bt" is-config="true" duration-ms="55134" started-at="2021-01-18T00:11:46 IST" finished-at="2021-01-18T00:12:42 IST">
          <reporter-output>
          </reporter-output>
        </test-method> <!-- bt -->
        <test-method status="PASS" signature="testCase1()[pri:0, instance:Demos.web1@52feb982]" name="testCase1" duration-ms="55975" started-at="2021-01-18T00:12:42 IST" finished-at="2021-01-18T00:13:38 IST">
          <reporter-output>
          </reporter-output>
        </test-method> <!-- testCase1 -->
      </class> <!-- Demos.web1 -->
    </test> <!-- Default test -->
  </suite> <!-- Default suite -->
</testng-results>
